<?xml version="1.0" encoding="UTF-8"?>
<!-- Generated by org.testng.reporters.JUnitReportReporter -->
<testsuite skipped="0" hostname="KISHORZZZZ-PC" name="scripts.TestValidLogin" tests="1" failures="0" timestamp="23 Feb 2019 18:49:35 GMT" time="12.254" errors="0">
  <testcase name="testValidLogin" time="12.254" classname="scripts.TestValidLogin"/>
</testsuite> <!-- scripts.TestValidLogin -->
