<?xml version="1.0" encoding="UTF-8"?>
<!-- Generated by org.testng.reporters.JUnitReportReporter -->
<testsuite skipped="0" hostname="KISHORZZZZ-PC" name="scripts.TestValidLogin2" tests="1" failures="0" timestamp="06 Dec 2018 19:36:00 GMT" time="9.747" errors="0">
  <testcase name="testValidLogin" time="9.747" classname="scripts.TestValidLogin2"/>
</testsuite> <!-- scripts.TestValidLogin2 -->
