<?xml version="1.0" encoding="UTF-8"?>
<!-- Generated by org.testng.reporters.JUnitReportReporter -->
<testsuite skipped="0" hostname="KISHORZZZZ-PC" name="scripts.TestABC" tests="1" failures="0" timestamp="09 Dec 2018 21:08:28 GMT" time="0.013" errors="0">
  <testcase name="abc" time="0.013" classname="scripts.TestABC"/>
</testsuite> <!-- scripts.TestABC -->
