<?xml version="1.0" encoding="UTF-8"?>
<!-- Generated by org.testng.reporters.JUnitReportReporter -->
<testsuite skipped="0" hostname="KISHORZZZZ-PC" name="scripts.TestValidLogin" tests="1" failures="0" timestamp="12 Dec 2018 12:04:58 GMT" time="9.163" errors="0">
  <testcase name="testValidLogin" time="9.163" classname="scripts.TestValidLogin"/>
</testsuite> <!-- scripts.TestValidLogin -->
