<?xml version="1.0" encoding="UTF-8"?>
<!-- Generated by org.testng.reporters.JUnitReportReporter -->
<testsuite skipped="0" hostname="KISHORZZZZ-PC" name="scripts.TestProductVersion" tests="1" failures="0" timestamp="29 Dec 2018 17:07:55 GMT" time="0.001" errors="0">
  <testcase name="pub" time="0.001" classname="scripts.TestProductVersion"/>
</testsuite> <!-- scripts.TestProductVersion -->
