<?xml version="1.0" encoding="UTF-8"?>
<!-- Generated by org.testng.reporters.JUnitReportReporter -->
<testsuite skipped="0" hostname="KISHORZZZZ-PC" name="scripts.TestValidLogin" tests="1" failures="0" timestamp="29 Dec 2018 17:07:55 GMT" time="14.711" errors="0">
  <testcase name="testValidLogin" time="14.711" classname="scripts.TestValidLogin"/>
</testsuite> <!-- scripts.TestValidLogin -->
