<?xml version="1.0" encoding="UTF-8"?>
<!-- Generated by org.testng.reporters.JUnitReportReporter -->
<testsuite skipped="0" hostname="KISHORZZZZ-PC" name="scripts.TestInvalidLogin" tests="1" failures="0" timestamp="12 Dec 2018 12:04:58 GMT" time="10.013" errors="0">
  <testcase name="testInvalidLogin" time="10.013" classname="scripts.TestInvalidLogin"/>
</testsuite> <!-- scripts.TestInvalidLogin -->
