<?xml version="1.0" encoding="UTF-8"?>
<!-- Generated by org.testng.reporters.JUnitReportReporter -->
<testsuite skipped="0" hostname="KISHORZZZZ-PC" name="scripts.TestValidLogin" tests="1" failures="0" timestamp="23 Dec 2018 00:21:40 GMT" time="11.186" errors="0">
  <testcase name="testValidLogin" time="11.186" classname="scripts.TestValidLogin"/>
</testsuite> <!-- scripts.TestValidLogin -->
