<?xml version="1.0" encoding="UTF-8"?>
<!-- Generated by org.testng.reporters.JUnitReportReporter -->
<testsuite skipped="0" hostname="KISHORZZZZ-PC" name="scripts.TestValidLogin" tests="1" failures="0" timestamp="20 Feb 2019 18:45:17 GMT" time="62.313" errors="0">
  <testcase name="testValidLogin" time="62.313" classname="scripts.TestValidLogin"/>
</testsuite> <!-- scripts.TestValidLogin -->
