<?xml version="1.0" encoding="UTF-8"?>
<!-- Generated by org.testng.reporters.JUnitReportReporter -->
<testsuite skipped="0" hostname="KISHORZZZZ-PC" name="scripts.TestValidLogin" tests="1" failures="0" timestamp="17 Feb 2019 19:01:59 GMT" time="26.586" errors="0">
  <testcase name="testValidLogin" time="26.586" classname="scripts.TestValidLogin"/>
</testsuite> <!-- scripts.TestValidLogin -->
