<?xml version="1.0" encoding="UTF-8"?>
<!-- Generated by org.testng.reporters.JUnitReportReporter -->
<testsuite skipped="0" hostname="KISHORZZZZ-PC" name="scripts.TestValidLogin" tests="1" failures="0" timestamp="02 Jan 2019 17:44:56 GMT" time="49.273" errors="0">
  <testcase name="testValidLogin" time="49.273" classname="scripts.TestValidLogin"/>
</testsuite> <!-- scripts.TestValidLogin -->
