<?xml version="1.0" encoding="UTF-8"?>
<!-- Generated by org.testng.reporters.JUnitReportReporter -->
<testsuite skipped="0" hostname="KISHORZZZZ-PC" name="scripts.TestInvalidLogin" tests="1" failures="0" timestamp="02 Jan 2019 17:44:56 GMT" time="18.556" errors="0">
  <testcase name="testInvalidLogin" time="18.556" classname="scripts.TestInvalidLogin"/>
</testsuite> <!-- scripts.TestInvalidLogin -->
