<?xml version="1.0" encoding="UTF-8"?>
<!-- Generated by org.testng.reporters.JUnitReportReporter -->
<testsuite skipped="0" hostname="KISHORZZZZ-PC" name="scripts.TestValidLogin" tests="1" failures="0" timestamp="19 Feb 2019 19:41:11 GMT" time="11.735" errors="0">
  <testcase name="testValidLogin" time="11.735" classname="scripts.TestValidLogin"/>
</testsuite> <!-- scripts.TestValidLogin -->
