<?xml version="1.0" encoding="UTF-8"?>
<!-- Generated by org.testng.reporters.JUnitReportReporter -->
<testsuite skipped="0" hostname="KISHORZZZZ-PC" name="scripts.TestValidLogin" tests="1" failures="0" timestamp="10 Jan 2019 19:53:57 GMT" time="59.082" errors="0">
  <testcase name="testValidLogin" time="59.082" classname="scripts.TestValidLogin"/>
</testsuite> <!-- scripts.TestValidLogin -->
