<?xml version="1.0" encoding="UTF-8"?>
<!-- Generated by org.testng.reporters.JUnitReportReporter -->
<testsuite skipped="0" hostname="KISHORZZZZ-PC" name="scripts.TestInvalidLogin" tests="1" failures="0" timestamp="10 Jan 2019 19:53:57 GMT" time="24.276" errors="0">
  <testcase name="testInvalidLogin" time="24.276" classname="scripts.TestInvalidLogin"/>
</testsuite> <!-- scripts.TestInvalidLogin -->
