<?xml version="1.0" encoding="UTF-8"?>
<!-- Generated by org.testng.reporters.JUnitReportReporter -->
<testsuite skipped="0" hostname="KISHORZZZZ-PC" name="scripts.TestValidLogin" tests="1" failures="0" timestamp="22 Dec 2018 11:03:15 GMT" time="8.796" errors="0">
  <testcase name="testValidLogin" time="8.796" classname="scripts.TestValidLogin"/>
</testsuite> <!-- scripts.TestValidLogin -->
