<?xml version="1.0" encoding="UTF-8"?>
<!-- Generated by org.testng.reporters.JUnitReportReporter -->
<testsuite skipped="0" hostname="KISHORZZZZ-PC" name="scripts.TestValidLogin" tests="1" failures="0" timestamp="25 Jan 2019 18:40:32 GMT" time="71.114" errors="0">
  <testcase name="testValidLogin" time="71.114" classname="scripts.TestValidLogin"/>
</testsuite> <!-- scripts.TestValidLogin -->
